곡괭이<>WK,15,∞,
삽<>WBK,10,∞,
삽<>WBK,5,∞,
삽<>WBK,5,∞,
삽<>WBK,5,∞,
암석<>WC,10,1,
암석<>WC,10,1,
암석<>WC,10,1,
암석<>WC,10,1,
암석<>WC,10,1,
암석<>WC,10,1,
암석<>WC,10,1,
암석<>WC,10,1,
고형 통조림<>SH,200,1,
탄환<>Y,15,1,
곡괭이<>WK,15,∞,
반테이지<>WB,25,2,
철파이프<>WB,35,∞,
☆갓 FINGER☆<>WB,30,1,
배터리<>Y,1,1,
파워 북<>Y,1,1,
해독제<>Y,1,1,
해독제<>Y,1,1,
독약<>Y,1,1,
청량 음료수<>SH,40,1,
본명 초콜렛<>HH,40,1,
컵면<>HH,50,1,
폭죽<>WD,15,20,
사이렌서<>Y,1,1,
피로 물든 방패<>DA,14,10,
트렌치코트<>DB,25,25,
☆서바이벌 슈트☆<>DBK,40,25,
두건<>DH,15,15,
두건<>DH,15,15,
방재 두건<>DH,13,20,
☆일륜초승달전 립흑 옻나무두☆<>DH,25,15,
☆행복의 구두☆<>DF,20,15,
차이나 드레스<>DB,20,20,
유도벌<>DB,30,15,
여왕 마마의 옷<>DB,35,20,
보디 페인트<>DB,20,10,
선글래스<>DH,25,15,
암시 카메라<>DH,15,15,
슬리퍼<>DF,10,15,
작업용 헬멧<>DH,15,20,
작업용 헬멧<>DH,15,20,
작업용 헬멧<>DH,15,20,
작업용 헬멧<>DH,15,20,
작업용 헬멧<>DH,15,20,
작업용 헬멧<>DH,15,20,
작업용 헬멧<>DH,15,20,
작업용 헬멧<>DH,15,20,
작업복<>DB,20,15,
작업복<>DB,20,15,
작업복<>DB,20,15,
작업복<>DB,20,15,
작업복<>DB,20,15,
작업복<>DB,20,15,
작업복<>DB,20,15,
작업복<>DB,20,15,
