탄환<>Y,10,1,
탄환<>Y,10,1,
탄환<>Y,10,1,
탄환<>Y,10,1,
탄환<>Y,10,1,
탄환<>Y,10,1,
탄환<>Y,10,1,
탄환<>Y,10,1,
탄환<>Y,10,1,
탄환<>Y,10,1,
탄환<>Y,10,1,
탄환<>Y,10,1,
탄환<>Y,10,1,
탄환<>Y,10,1,
탄환<>Y,10,1,
탄환<>Y,10,1,
탄환<>Y,10,1,
탄환<>Y,10,1,
탄환<>Y,10,1,
탄환<>Y,10,1,
못<>Y,1,1,
못<>Y,1,1,
못<>Y,1,1,
못<>Y,1,1,
못<>Y,1,1,
못<>Y,1,1,
못<>Y,2,1,
못<>Y,2,1,
못<>Y,2,1,
못<>Y,2,1,
못<>Y,2,1,
못<>Y,2,1,
못<>Y,3,1,
못<>Y,3,1,
못<>Y,3,1,
못<>Y,3,1,
못<>Y,3,1,
못<>Y,3,1,
못<>Y,4,1,
못<>Y,4,1,
못<>Y,4,1,
못<>Y,4,1,
못<>Y,4,1,
빵<>HH,25,1,
카레<>HH,45,1,
카레 빵<>HH,100,1,
카레 빵<>HH,100,1,
죽<>SH,100,1,
물<>SH,25,12,
화승총<>WG,50,0,
못버트<>WB,20,1,
철파이프<>WB,35,∞,
☆호신용 단도 태양의 빛☆<>WK,30,∞,
☆말도 잘하고 솜씨도 좋음 염불 경단 찔러☆<>WK,35,∞,
☆브라우닝 하이파워 9mm☆<>WG,50,0,
★IMI 워지피스톨★<>WG,75,6,
배터리<>Y,1,1,
비료<>Y,1,1,
가솔린<>Y,1,1,
스프레이캔<>Y,1,1,
해독제<>Y,1,1,
독약<>Y,1,1,
식빵<>HH,30,1,
무명의 칼<>WK,33,∞,
무명의 칼<>WK,33,∞,
유리구슬<>WC,1,1,
기타<>WB,12,6,
곰의 장식물<>WB,7,1,
사이렌서<>Y,1,1,
사이렌서<>Y,1,1,
후르페이스<>DH,15,20,
후르페이스<>DH,15,20,
후르페이스<>DH,15,20,
후르페이스<>DH,15,20,
후르페이스<>DH,15,20,
후르페이스<>DH,15,20,
후르페이스<>DH,15,20,
후르페이스<>DH,15,20,
두<>DH,35,20,
피로 물든 방패<>DA,14,10,
트렌치코트<>DB,25,25,
에이프런<>DB,20,25,
무녀의 의상<>DB,20,15,
☆BA-TSU의 제복☆<>DB,40,20,
밀짚모자자<>DH,15,5,
하치권<>DH,10,15,
하치권<>DH,10,15,
방재 두건<>DH,13,20,
스니커즈<>DF,15,15,
☆롤러 블레이드☆<>DF,25,20,
☆흑 옻나무 도불2매 몸통 도구☆<>DF,20,25,
메이드옷<>DB,25,10,
메이드옷<>DB,25,10,
유도벌<>DB,30,15,
가라테벌<>DB,30,15,
임금님의 옷<>DB,35,20,
수영복<>DB,15,20,
수영복<>DB,15,20,
여신의 깃옷<>DB,20,10,
학모<>DH,15,20,
학모<>DH,15,20,
슬리퍼<>DF,10,15,
손목시계<>DA,10,10,
손목시계<>DA,10,10,
