부엌칼<>WK,15,∞,
부엌칼<>WK,15,∞,
부엌칼<>WK,15,∞,
부엌칼<>WK,15,∞,
부엌칼<>WK,15,∞,
컵<>WC,10,1,
접시<>WC,10,1,
접시<>WC,10,1,
접시<>WC,10,1,
냄비<>WC,10,1,
냄비<>WC,10,1,
냄비<>WC,10,1,
냄비<>WC,10,1,
냄비<>WC,10,1,
글래스<>WC,10,1,
텔레비전<>WC,20,1,
테이블<>WC,20,1,
재봉도구<>Y,3,1,
재봉도구<>Y,5,1,
재봉도구<>Y,10,1,
선반<>WC,15,1,
빈병<>WC,10,1,
빈병<>WC,10,1,
빈병<>WC,10,1,
빈병<>WC,10,1,
빈병<>WC,10,1,
빈병<>WC,10,1,
빈병<>WC,10,1,
빈병<>WC,10,1,
빈병<>WC,10,1,
빈병<>WC,10,1,
빈병<>WC,10,1,
빈병<>WC,10,1,
빈병<>WC,10,1,
컵<>WC,5,1,
컵<>WC,5,1,
컵<>WC,5,1,
컵<>WC,5,1,
컵<>WC,5,1,
컵<>WC,5,1,
컵<>WC,5,1,
컵<>WC,5,1,
카레가루<>SH,20,1,
간장<>SH,20,1,
소스<>SH,20,1,
숫돌<>Y,1,1,
숫돌<>Y,1,1,
숫돌<>Y,1,1,
숫돌<>Y,1,1,
숫돌<>Y,1,1,
숫돌<>Y,1,1,
숫돌<>Y,1,1,
숫돌<>Y,1,1,
숫돌<>Y,2,1,
숫돌<>Y,2,1,
숫돌<>Y,2,1,
숫돌<>Y,2,1,
숫돌<>Y,3,1,
숫돌<>Y,3,1,
빵<>HH,25,1,
고형 통조림<>SH,200,1,
고형 통조림<>SH,200,1,
탄환<>Y,15,1,
물<>SH,25,12,
흉인<>WK,20,∞,
레이피아<>WK,35,∞,
반테이지<>WB,25,2,
■시작형 입자 레이저총■<>WG,100,0,
가솔린<>Y,1,1,
신관<>Y,1,1,
빈병<>Y,1,1,
휴대 전화<>Y,1,1,
해독제<>Y,1,1,
독약<>Y,1,1,
스포츠 드링크<>SH,50,1,
의리 초콜렛<>HH,10,1,
알코올<>SD,40,1,
컵면<>HH,50,1,
건강식품<>HH,80,1,
연필(HB)<>WK,3,∞,
군용 나이프<>WK,20,∞,
기타<>WB,12,6,
플라스틱 폭탄<>WD,80,1,
참철검<>WK,45,∞,
사이렌서<>Y,1,1,
사이렌서<>Y,1,1,
사이렌서<>Y,1,1,
쇠사슬 홑옷<>DB,37,20,
☆수라의 바구니손☆<>DA,20,18,
트렌치코트<>DB,25,25,
미채옷<>DB,25,15,
쵸밤아마<>DB,30,20,
☆겐지의 요로이☆<>DBK,40,25,
☆BA-TSU의 제복☆<>DB,40,20,
☆안대☆<>DH,25,25,
☆스케이드보드☆<>DF,25,15,
☆행복의 구두☆<>DF,20,15,
가라테벌<>DB,30,15,
여왕 마마의 옷<>DB,35,20,
수영복<>DB,15,20,
보디 페인트<>DB,20,10,
여신의 깃옷<>DB,20,10,
마스크<>DH,10,15,
브레이슬릿<>DA,15,15,
손목시계<>DA,10,10,
