목탁<>WC,12,1,
졸탑파<>WB,10,1,
졸탑파<>WB,10,1,
졸탑파<>WB,10,1,
졸탑파<>WB,10,1,
졸탑파<>WB,10,1,
졸탑파<>WB,10,1,
졸탑파<>WB,10,1,
졸탑파<>WB,10,1,
졸탑파<>WB,10,1,
졸탑파<>WB,10,1,
졸탑파<>WB,10,1,
졸탑파<>WB,10,1,
졸탑파<>WB,10,1,
졸탑파<>WB,10,1,
졸탑파<>WB,10,1,
빵<>HH,25,1,
카레<>HH,45,1,
카레 빵<>HH,100,1,
카레 빵<>HH,100,1,
물<>SH,25,12,
자루걸레<>WB,10,1,
어메리칸 색<>WB,30,1,
군용 나이프<>WK,28,∞,
★산탄총★<>WG,60,2,
경유<>Y,1,1,
신관<>Y,1,1,
도화선<>Y,1,1,
해독제<>Y,1,1,
해독제<>Y,1,1,
해독제<>Y,1,1,
해독제<>Y,1,1,
알코올<>SD,40,1,
다이어트 식품<>SH,80,1,
군용 나이프<>WK,20,∞,
장도<>WK,15,∞,
사슴의 박제<>WB,5,1,
독물 취급서<>A,1,1,
독물 취급서<>A,1,1,
☆투구와 갑옷☆<>DB,45,20,
☆가면 라이더 슈트☆<>DBK,45,15,
밀짚모자자<>DH,15,5,
☆일륜초승달전 립흑 옻나무두☆<>DH,25,15,
스니커즈<>DF,15,15,
하이 힐<>DF,15,15,
가라테벌<>DB,30,15,
나이트 드레스<>DB,20,10,
동환<>DB,25,25,
