숫돌<>Y,1,1,
숫돌<>Y,1,1,
숫돌<>Y,1,1,
숫돌<>Y,1,1,
숫돌<>Y,1,1,
탄환<>Y,10,1,
탄환<>Y,10,1,
탄환<>Y,10,1,
탄환<>Y,10,1,
탄환<>Y,10,1,
탄환<>Y,10,1,
탄환<>Y,10,1,
탄환<>Y,10,1,
탄환<>Y,10,1,
탄환<>Y,10,1,
탄환<>Y,10,1,
탄환<>Y,10,1,
탄환<>Y,10,1,
탄환<>Y,10,1,
탄환<>Y,10,1,
탄환<>Y,10,1,
탄환<>Y,10,1,
탄환<>Y,10,1,
탄환<>Y,10,1,
탄환<>Y,10,1,
플라스크<>WC,8,1,
플라스크<>WC,8,1,
플라스크<>WC,8,1,
플라스크<>WC,8,1,
자루걸레<>WB,15,1,
자루걸레<>WB,15,1,
자루걸레<>WB,15,1,
상약<>HH,40,1,
상약<>HH,40,1,
상약<>HH,40,1,
상약<>HH,40,1,
상약<>HH,40,1,
상약<>HH,40,1,
흑판 지워<>WC,5,1,
흑판 지워<>WC,5,1,
흑판 지워<>WC,5,1,
흑판 지워<>WC,5,1,
흑판 지워<>WC,5,1,
인체모형<>WB,3,∞,
거대 삼각자<>WB,4,∞,
거대 컴퍼스<>WB,4,∞,
의자<>WB,4,∞,
지뢰<>TN,15,1,
지뢰<>TN,15,1,
지뢰<>TN,15,1,
지뢰<>TN,15,1,
지뢰<>TN,15,1,
지뢰<>TO,15,1,
지뢰<>TO,15,1,
지뢰<>TO,15,1,
지뢰<>TO,15,1,
지뢰<>TO,15,1,
지뢰<>TO,15,1,
물<>SH,25,1,
빵<>HH,25,1,
카레<>HH,45,1,
카레<>HH,45,1,
탄환<>Y,15,1,
탄환<>Y,15,1,
탄환<>Y,15,1,
배터리<>Y,1,1,
경유<>Y,1,1,
해독제<>Y,1,1,
해독제<>Y,1,1,
해독제<>Y,1,1,
독약<>Y,1,1,
독약<>Y,1,1,
위험한 도시락<>HD,100,1,
볼링 볼<>WC,20,1,
금강석<>WC,14,1,
금강석<>WC,14,1,
던지기 나이프<>WC,22,1,
중화 식칼<>WK,18,∞,
연필(B)<>WK,2,∞,
기타<>WB,12,6,
사벨<>WK,23,∞,
스나이파라이훌<>WG,45,0,
쿠락카보레이<>WK,22,∞,
독물 취급서<>A,1,1,
☆투구와 갑옷☆<>DB,45,20,
항탄 방패<>DA,10,10,
항탄 방패<>DA,10,10,
피로 물든 방패<>DA,14,10,
피로 물든 방패<>DA,14,10,
☆수라의 바구니손☆<>DA,20,18,
에이프런<>DB,20,25,
작업복<>DB,20,15,
☆겐지의 요로이☆<>DBK,40,25,
☆안대☆<>DH,25,25,
하이 힐<>DF,15,15,
농구 슈즈<>DF,15,15,
유도벌<>DB,30,15,
여왕 마마의 옷<>DB,35,20,
여왕 마마의 옷<>DB,35,20,
수영복<>DB,15,20,
나이트 드레스<>DB,20,10,
어깨심<>DA,15,15,
어깨심<>DA,15,15,
