제비<>Y,1,1,
제비<>Y,1,1,
제비<>Y,1,1,
제비<>Y,1,1,
제비<>Y,1,1,
제비<>Y,1,1,
제비<>Y,1,1,
제비<>Y,1,1,
제비<>Y,1,1,
제비<>Y,1,1,
제비<>Y,1,1,
제비<>Y,1,1,
제비<>Y,1,1,
제비<>Y,1,1,
제비<>Y,1,1,
제비<>Y,1,1,
제비<>Y,1,1,
제비<>Y,1,1,
제비<>Y,1,1,
제비<>Y,1,1,
죽<>SH,100,1,
레이더-<>R2,1,∞,
인체모형 나타리<>WB,30,5,
아수라상<>WB,30,5,
칼<>WK,30,∞,
작은 칼<>WK,18,∞,
경유<>Y,1,1,
신관<>Y,1,1,
빈병<>Y,1,1,
파워 북<>Y,1,1,
독약<>Y,1,1,
독약<>Y,1,1,
☆바즈카☆<>WGB,75,0,
주먹밥<>HH,10,1,
샌드위치<>HH,50,1,
트럼프(데크)<>WC,2,54,
프리스비<>WC,15,1,
요요<>WC,5,1,
장도칼<>WC,12,1,
주사기<>WK,10,∞,
그레네이드 폭탄<>WD,50,1,
철추<>WB,25,4,
제주의 의상<>DB,20,25,
제주의 의상<>DB,20,25,
제주의 의상<>DB,20,25,
제주의 의상<>DB,20,25,
제주의 의상<>DB,20,25,
제주의 의상<>DB,20,25,
제주의 의상<>DB,20,25,
제주의 의상<>DB,20,25,
항탄 방패<>DA,10,10,
쵸밤아마<>DB,30,20,
하치권<>DH,10,15,
☆안대☆<>DH,25,25,
하이 힐<>DF,15,15,
차이나 드레스<>DB,20,20,
임금님의 옷<>DB,35,20,
여왕 마마의 옷<>DB,35,20,
T셔츠<>DB,25,10,
나이트 드레스<>DB,20,10,
학모<>DH,15,20,
어깨심<>DA,15,15,
동환<>DB,25,25,
