독약<>Y,1,1,
독약<>Y,1,1,
독약<>Y,1,1,
독약<>Y,1,1,
독약<>Y,1,1,
독약<>Y,1,1,
독약<>Y,1,1,
독약<>Y,1,1,
독약<>Y,1,1,
독약<>Y,1,1,
독약<>Y,1,1,
독약<>Y,1,1,
겸<>WK,25,∞,
버섯<>SH,20,1,
버섯<>SH,20,1,
버섯<>SH,20,1,
버섯<>SH,20,1,
버섯<>SH,20,1,
버섯<>SD,20,1,
버섯<>SD,20,1,
버섯<>SD,20,1,
버섯<>SD,20,1,
버섯<>SD,20,1,
(*표고)버섯<>SH,25,1,
(*표고)버섯<>SH,25,1,
(*표고)버섯<>SH,25,1,
(*표고)버섯<>SD,25,1,
(*표고)버섯<>SD,25,1,
송이버섯<>SH,30,1,
송이버섯<>SH,30,1,
송이버섯<>SH,30,1,
송이버섯<>SH,30,1,
송이버섯<>SD,30,1,
송이버섯<>SD,30,1,
송이버섯<>SD,30,1,
송이버섯<>SD,30,1,
동물 잡아 기<>TN,20,1,
동물 잡아 기<>TN,20,1,
동물 잡아 기<>TN,20,1,
동물 잡아 기<>TN,20,1,
동물 잡아 기<>TN,20,1,
동물 잡아 기<>TN,20,1,
동물 잡아 기<>TO,20,1,
동물 잡아 기<>TO,20,1,
동물 잡아 기<>TO,20,1,
동물 잡아 기<>TO,20,1,
동물 잡아 기<>TO,20,1,
동물 잡아 기<>TO,20,1,
동물 잡아 기<>TO,20,1,
동물 잡아 기<>TO,20,1,
천연수<>SH,50,1,
특효약<>HH,80,1,
특효약<>HH,80,1,
빵<>HH,25,1,
카레<>HH,45,1,
카레<>HH,45,1,
카레 빵<>HH,100,1,
카레 빵<>HH,100,1,
죽<>SH,100,1,
물<>SH,25,12,
인체모형 나타리<>WB,30,5,
아수라상<>WB,30,5,
곤봉<>WB,15,1,
☆S&W M19·357 매그넘☆<>WG,55,0,
☆S&W 치프 스페셜 38 구경☆<>WG,50,0,
★다이바즈나이후★<>WK,60,∞,
경유<>Y,1,1,
비료<>Y,1,1,
가솔린<>Y,1,1,
신관<>Y,1,1,
라이터<>Y,1,1,
파워 북<>Y,1,1,
해독제<>Y,1,1,
해독제<>Y,1,1,
독약<>Y,1,1,
독약<>Y,1,1,
응<>SH,200,1,
쓰레기통<>WC,5,1,
핵미사일(가짜)<>WD,1,1,
독물 취급서<>A,1,1,
사이렌서<>Y,1,1,
항탄 방패<>DA,10,10,
피로 물든 방패<>DA,14,10,
무녀의 의상<>DB,20,15,
무녀의 의상<>DB,20,15,
미채옷<>DB,25,15,
☆BA-TSU의 제복☆<>DB,40,20,
밀짚모자자<>DH,15,5,
하치권<>DH,10,15,
하치권<>DH,10,15,
☆일륜초승달전 립흑 옻나무두☆<>DH,25,15,
☆일륜초승달전 립흑 옻나무두☆<>DH,25,15,
스니커즈<>DF,15,15,
☆스케이드보드☆<>DF,25,15,
하이 힐<>DF,15,15,
메이드옷<>DB,25,10,
차이나 드레스<>DB,20,20,
가라테벌<>DB,30,15,
학모<>DH,15,20,
어깨심<>DA,15,15,
