물<>SH,25,1,
물<>SH,25,1,
물<>SH,25,1,
물<>SH,25,1,
물<>SH,25,1,
물<>SH,25,1,
물<>SH,25,1,
물<>SH,25,1,
물<>SH,25,1,
물<>SH,25,1,
물<>SH,25,1,
물<>SH,25,1,
물<>SH,25,1,
물<>SH,25,1,
물<>SH,25,1,
물<>SH,25,1,
물<>SH,25,1,
물<>SH,25,1,
물<>SH,25,1,
물<>SH,25,1,
물<>SH,25,1,
물<>SH,25,1,
물<>SH,25,1,
물<>SH,25,1,
물<>SH,25,1,
물<>SH,25,1,
물<>SH,25,1,
물<>SH,25,1,
물<>SH,25,1,
물<>SH,25,1,
특효약<>HH,80,1,
빵<>HH,25,1,
카레<>HH,45,1,
카레 빵<>HH,100,1,
죽<>SH,100,1,
고형 통조림<>SH,200,1,
숫돌<>Y,1,1,
베레타<>WG,35,2,
테니스 라켓<>WB,15,2,
금속 버트<>WB,15,1,
컴배트 나이프<>WK,35,∞,
☆비검달빛☆<>WK,42,∞,
배터리<>Y,1,1,
경유<>Y,1,1,
신관<>Y,1,1,
스프레이캔<>Y,1,1,
도화선<>Y,1,1,
도화선<>Y,1,1,
라이터<>Y,1,1,
해독제<>Y,1,1,
해독제<>Y,1,1,
★가슴 파이어★<>WG,70,0,
우유<>HH,30,1,
최루 스프레이<>TN,15,1,
한방약<>HH,50,1,
중화 식칼<>WK,18,∞,
거대 주걱<>WBK,13,1,
빔 사벨<>WK,36,∞,
연필(HB)<>WK,3,∞,
조명탄<>WD,20,1,
사이렌서<>Y,1,1,
피로 물든 방패<>DA,14,10,
★AT필드★<>DBK,60,20,
작업복<>DB,20,15,
작업복<>DB,20,15,
무녀의 의상<>DB,20,15,
두건<>DH,15,15,
방재 두건<>DH,13,20,
☆롤러 블레이드☆<>DF,25,20,
차이나 드레스<>DB,20,20,
T셔츠<>DB,25,10,
보디 페인트<>DB,20,10,
마스크<>DH,10,15,
브레이슬릿<>DA,15,15,
브레이슬릿<>DA,15,15,
동환<>DB,25,25,
