부엌칼<>WK,25,∞,
컵<>WC,5,1,
분말주스<>HH,10,1,
분말주스<>HH,10,1,
분말주스<>HH,10,1,
분말주스<>HH,10,1,
분말주스<>HH,10,1,
분말주스<>HH,10,1,
분말주스<>HH,10,1,
분말주스<>HH,10,1,
접시<>WC,10,1,
접시<>WC,10,1,
접시<>WC,10,1,
냄비<>WC,10,1,
냄비<>WC,10,1,
냄비<>WC,10,1,
냄비<>WC,10,1,
냄비<>WC,10,1,
글래스<>WC,10,1,
글래스<>WC,10,1,
글래스<>WC,10,1,
글래스<>WC,10,1,
글래스<>WC,10,1,
텔레비전<>WC,20,1,
테이블<>WC,20,1,
선반<>WC,15,1,
컵<>WC,10,1,
컵<>WC,10,1,
컵<>WC,10,1,
컵<>WC,10,1,
컵<>WC,10,1,
부엌칼<>WK,15,∞,
부엌칼<>WK,15,∞,
부엌칼<>WK,15,∞,
부엌칼<>WK,15,∞,
숫돌<>Y,1,1,
숫돌<>Y,1,1,
숫돌<>Y,1,1,
숫돌<>Y,1,1,
숫돌<>Y,1,1,
숫돌<>Y,1,1,
숫돌<>Y,1,1,
숫돌<>Y,1,1,
숫돌<>Y,2,1,
숫돌<>Y,2,1,
숫돌<>Y,2,1,
숫돌<>Y,2,1,
숫돌<>Y,3,1,
숫돌<>Y,3,1,
천연수<>SH,50,1,
천연수<>SH,50,1,
죽<>SH,100,1,
물<>SH,25,12,
잠자리 베어<>WK,30,∞,
☆마검여덟개 머리  여덟개 꼬리☆<>WK,32,∞,
배터리<>Y,1,1,
비료<>Y,1,1,
신관<>Y,1,1,
빈병<>Y,1,1,
빈병<>Y,1,1,
빈병<>Y,1,1,
라이터<>Y,1,1,
파워 북<>Y,1,1,
파워 북<>Y,1,1,
휴대 전화<>Y,1,1,
해독제<>Y,1,1,
해독제<>Y,1,1,
해독제<>Y,1,1,
해독제<>Y,1,1,
독약<>Y,1,1,
독약<>Y,1,1,
독약<>Y,1,1,
독약<>Y,1,1,
☆바즈카☆<>WGB,75,0,
손수 만든 도시락<>HH,100,1,
의리 초콜렛<>HH,10,1,
강장제<>SH,45,1,
장도칼<>WC,12,1,
유리구슬<>WC,1,1,
조명탄<>WD,20,1,
참철검<>WK,45,∞,
사이렌서<>Y,1,1,
사이렌서<>Y,1,1,
트렌치코트<>DB,25,25,
작업복<>DB,20,15,
☆서바이벌 슈트☆<>DBK,40,25,
두건<>DH,15,15,
방재 두건<>DH,13,20,
☆긴 귀두고두☆<>DH,20,15,
임금님의 옷<>DB,35,20,
수영복<>DB,15,20,
나이트 드레스<>DB,20,10,
학모<>DH,15,20,
선글래스<>DH,25,15,
리본<>DH,10,5,
암시 카메라<>DH,15,15,
슬리퍼<>DF,10,15,
브레이슬릿<>DA,15,15,
동환<>DB,25,25,
