상약<>HH,40,1,
상약<>HH,40,1,
상약<>HH,40,1,
상약<>HH,40,1,
상약<>HH,40,1,
상약<>HH,40,1,
상약<>HH,40,1,
상약<>HH,40,1,
상약<>HH,40,1,
상약<>HH,40,1,
상약<>HH,40,1,
상약<>HH,40,1,
상약<>HH,40,1,
상약<>HH,40,1,
상약<>HH,40,1,
상약<>HH,40,1,
상약<>HH,40,1,
상약<>HH,40,1,
상약<>HH,40,1,
상약<>HH,40,1,
상약<>HH,40,1,
상약<>HH,40,1,
상약<>HH,40,1,
상약<>HH,40,1,
상약<>HH,40,1,
상약<>HH,40,1,
상약<>HH,40,1,
상약<>HH,40,1,
상약<>HH,40,1,
상약<>HH,40,1,
상약<>HH,40,1,
상약<>HH,40,1,
상약<>HH,40,1,
상약<>HH,40,1,
상약<>HH,40,1,
상약<>HH,40,1,
상약<>HH,40,1,
영양 드링크<>SH,50,1,
영양 드링크<>SH,50,1,
영양 드링크<>SH,50,1,
영양 드링크<>SH,50,1,
영양 드링크<>SH,50,1,
영양 드링크<>SH,50,1,
영양 드링크<>SH,50,1,
영양 드링크<>SH,50,1,
영양 드링크<>SH,50,1,
영양 드링크<>SH,50,1,
영양 드링크<>SH,50,1,
영양 드링크<>SH,50,1,
영양 드링크<>SH,50,1,
영양 드링크<>SH,50,1,
영양 드링크<>SH,50,1,
영양 드링크<>SH,50,1,
영양 드링크<>SH,50,1,
영양 드링크<>SH,50,1,
영양 드링크<>SH,50,1,
영양 드링크<>SH,50,1,
영양 드링크<>SH,50,1,
영양 드링크<>SH,50,1,
영양 드링크<>SH,50,1,
영양 드링크<>SH,50,1,
영양 드링크<>SH,50,1,
영양 드링크<>SH,50,1,
영양 드링크<>SH,50,1,
영양 드링크<>SH,50,1,
해독제<>Y,1,1,
해독제<>Y,1,1,
해독제<>Y,1,1,
해독제<>Y,1,1,
해독제<>Y,1,1,
해독제<>Y,1,1,
해독제<>Y,1,1,
해독제<>Y,1,1,
해독제<>Y,1,1,
해독제<>Y,1,1,
해독제<>Y,1,1,
해독제<>Y,1,1,
독약<>Y,1,1,
독약<>Y,1,1,
독약<>Y,1,1,
독약<>Y,1,1,
독약<>Y,1,1,
독약<>Y,1,1,
독약<>Y,1,1,
독약<>Y,1,1,
독약<>Y,1,1,
독약<>Y,1,1,
독약<>Y,1,1,
독약<>Y,1,1,
독약<>Y,1,1,
독약<>Y,1,1,
독약<>Y,1,1,
독약<>Y,1,1,
독약<>Y,1,1,
천연수<>SH,50,1,
카레<>HH,45,1,
카레<>HH,45,1,
고형 통조림<>SH,200,1,
탄환<>Y,15,1,
명검 마사무네<>WK,45,∞,
펜슬 폭탄<>WD,55,5,
죽도<>WB,25,2,
버트<>WB,10,1,
☆근경☆<>WK,35,∞,
☆39식 소총☆<>WG,53,5,
★론기누스의 창★<>WK,60,∞,
★인그램 M10 서브 머신건★<>WG,66,0,
★와르서 PPK9 밀리★<>WG,78,0,
경유<>Y,1,1,
경유<>Y,1,1,
경유<>Y,1,1,
비료<>Y,1,1,
스프레이캔<>Y,1,1,
빈병<>Y,1,1,
빈병<>Y,1,1,
라이터<>Y,1,1,
파워 북<>Y,1,1,
해독제<>Y,1,1,
해독제<>Y,1,1,
해독제<>Y,1,1,
해독제<>Y,1,1,
청량 음료수<>SH,40,1,
수박<>HH,30,1,
장도칼<>WC,12,1,
전기 스텐드<>WC,8,1,
연필(H)<>WK,4,∞,
그레네이드 폭탄<>WD,50,1,
사이렌서<>Y,1,1,
사이렌서<>Y,1,1,
백의<>DB,20,25,
백의<>DB,20,25,
백의<>DB,20,25,
백의<>DB,20,25,
백의<>DB,20,25,
백의<>DB,20,25,
백의<>DB,20,25,
백의<>DB,20,25,
작업복<>DB,20,15,
미채옷<>DB,25,15,
쵸밤아마<>DB,30,20,
쵸밤아마<>DB,30,20,
☆가면 라이더 슈트☆<>DBK,45,15,
농구 슈즈<>DF,15,15,
농구 슈즈<>DF,15,15,
농구 슈즈<>DF,15,15,
스파이크<>DF,15,15,
☆흑 옻나무 도불2매 몸통 도구☆<>DF,20,25,
메이드옷<>DB,25,10,
임금님의 옷<>DB,35,20,
T셔츠<>DB,25,10,
T셔츠<>DB,25,10,
수영복<>DB,15,20,
선글래스<>DH,25,15,
리본<>DH,10,5,
손목시계<>DA,10,10,
☆타이거 마스크☆<>DH,25,25,
