쥐 잡아 기<>TN,15,1,
쥐 잡아 기<>TN,15,1,
쥐 잡아 기<>TN,15,1,
쥐 잡아 기<>TN,15,1,
쥐 잡아 기<>TN,15,1,
쥐 잡아 기<>TN,15,1,
쥐 잡아 기<>TN,15,1,
쥐 잡아 기<>TN,15,1,
쥐 잡아 기<>TO,15,1,
쥐 잡아 기<>TO,15,1,
쥐 잡아 기<>TO,15,1,
쥐 잡아 기<>TO,15,1,
쥐 잡아 기<>TO,15,1,
탄환<>Y,10,1,
탄환<>Y,10,1,
탄환<>Y,10,1,
탄환<>Y,10,1,
탄환<>Y,10,1,
탄환<>Y,10,1,
탄환<>Y,10,1,
탄환<>Y,10,1,
탄환<>Y,10,1,
탄환<>Y,10,1,
탄환<>Y,10,1,
탄환<>Y,10,1,
탄환<>Y,10,1,
탄환<>Y,10,1,
탄환<>Y,10,1,
탄환<>Y,10,1,
탄환<>Y,10,1,
탄환<>Y,10,1,
탄환<>Y,10,1,
탄환<>Y,10,1,
탄환<>Y,10,1,
탄환<>Y,10,1,
탄환<>Y,10,1,
탄환<>Y,10,1,
탄환<>Y,10,1,
탄환<>Y,10,1,
탄환<>Y,10,1,
탄환<>Y,10,1,
탄환<>Y,10,1,
탄환<>Y,10,1,
물<>SH,25,1,
물<>SH,25,1,
물<>SH,25,1,
물<>SH,25,1,
물<>SH,25,1,
물<>SH,25,1,
물<>SH,25,1,
지뢰<>TN,20,1,
지뢰<>TN,20,1,
지뢰<>TN,20,1,
지뢰<>TN,20,1,
지뢰<>TO,20,1,
지뢰<>TO,20,1,
천연수<>SH,50,1,
빵<>HH,25,1,
빵<>HH,25,1,
카레<>HH,45,1,
고형 통조림<>SH,200,1,
물<>SH,25,12,
테니스 라켓<>WB,15,2,
칼<>WK,30,∞,
경유<>Y,1,1,
비료<>Y,1,1,
비료<>Y,1,1,
라이터<>Y,1,1,
파워 북<>Y,1,1,
해독제<>Y,1,1,
해독제<>Y,1,1,
해독제<>Y,1,1,
독약<>Y,1,1,
독약<>Y,1,1,
손수 만든 도시락<>HH,100,1,
본명 초콜렛<>HH,40,1,
식빵<>HH,30,1,
수박<>HH,30,1,
전기 스텐드<>WC,8,1,
쓰레기통<>WC,5,1,
중화 식칼<>WK,18,∞,
사전<>WB,6,1,
폭죽<>WD,15,20,
플라스틱 폭탄<>WD,80,1,
덤벨<>WB,20,5,
사슴의 박제<>WB,5,1,
가보의 투구와 갑옷<>DB,45,20,
무녀의 의상<>DB,20,15,
미채옷<>DB,25,15,
☆안대☆<>DH,25,25,
☆긴 귀두고두☆<>DH,20,15,
☆군배전립 쿠마게식두☆<>DH,20,15,
스니커즈<>DF,15,15,
하이 힐<>DF,15,15,
☆행복의 구두☆<>DF,20,15,
☆BR부츠☆<>DF,20,20,
☆쿠로카와위견자홍사동환☆<>DBK,50,15,
가라테벌<>DB,30,15,
가라테벌<>DB,30,15,
보디 페인트<>DB,20,10,
보디 페인트<>DB,20,10,
선글래스<>DH,25,15,
리본<>DH,10,5,
슬리퍼<>DF,10,15,
브레이슬릿<>DA,15,15,
