스튜<>SH,25,1,
스튜<>SH,25,1,
스튜<>SH,25,1,
스튜<>SH,25,1,
스튜<>SH,25,1,
스튜<>SH,25,1,
스튜<>SH,25,1,
스튜<>SH,25,1,
스튜<>SH,25,1,
스튜<>SH,25,1,
스튜<>SH,25,1,
스튜<>SH,25,1,
스튜<>SH,25,1,
스튜<>SH,25,1,
스튜<>SH,25,1,
스튜<>SH,25,1,
스튜<>SH,25,1,
스튜<>SH,25,1,
스튜<>SH,25,1,
스튜<>SH,25,1,
스튜<>SD,25,1,
스튜<>SD,25,1,
스튜<>SD,25,1,
스튜<>SD,25,1,
스튜<>SD,25,1,
스튜<>SD,25,1,
스튜<>SD,25,1,
스튜<>SD,25,1,
스튜<>SD,25,1,
스튜<>SD,25,1,
스튜<>SD,25,1,
스튜<>SD,25,1,
스튜<>SD,25,1,
스튜<>SD,25,1,
스튜<>SD,25,1,
스튜<>SD,25,1,
스튜<>SD,25,1,
스튜<>SD,25,1,
스튜<>SD,25,1,
스튜<>SD,25,1,
빵<>HH,25,1,
빵<>HH,25,1,
카레<>HH,45,1,
죽<>SH,100,1,
삽<>WBK,15,1,
버트<>WB,10,1,
쇠사슬 부착못버트<>WB,25,1,
잠자리 베어<>WK,30,∞,
작은 칼<>WK,18,∞,
☆22 구경 2 연발 델린저☆<>WG,50,0,
배터리<>Y,1,1,
경유<>Y,1,1,
비료<>Y,1,1,
비료<>Y,1,1,
비료<>Y,1,1,
가솔린<>Y,1,1,
스프레이캔<>Y,1,1,
스프레이캔<>Y,1,1,
도화선<>Y,1,1,
파워 북<>Y,1,1,
해독제<>Y,1,1,
독약<>Y,1,1,
독약<>Y,1,1,
독약<>Y,1,1,
독약<>Y,1,1,
우유<>HH,30,1,
손수 만든 도시락<>HH,100,1,
알코올<>SD,40,1,
프리스비<>WC,15,1,
프리스비<>WC,15,1,
볼링 볼<>WC,20,1,
연필(H)<>WK,4,∞,
주사기<>WK,10,∞,
곰의 장식물<>WB,7,1,
쇠사슬 홑옷<>DB,37,20,
가보의 투구와 갑옷<>DB,45,20,
피로 물든 방패<>DA,14,10,
미채옷<>DB,25,15,
미채옷<>DB,25,15,
쵸밤아마<>DB,30,20,
밀짚모자자<>DH,15,5,
하치권<>DH,10,15,
두건<>DH,15,15,
스파이크<>DF,15,15,
☆BR부츠☆<>DF,20,20,
T셔츠<>DB,25,10,
나이트 드레스<>DB,20,10,
리본<>DH,10,5,
암시 카메라<>DH,15,15,
슬리퍼<>DF,10,15,
브레이슬릿<>DA,15,15,
손목시계<>DA,10,10,
