쥐 잡아 기<>TN,10,1,
쥐 잡아 기<>TN,10,1,
쥐 잡아 기<>TN,10,1,
쥐 잡아 기<>TN,10,1,
쥐 잡아 기<>TN,10,1,
쥐 잡아 기<>TO,10,1,
쥐 잡아 기<>TO,10,1,
쥐 잡아 기<>TO,10,1,
쥐 잡아 기<>TO,10,1,
쥐 잡아 기<>TO,10,1,
쥐 잡아 기<>TO,10,1,
쥐 잡아 기<>TO,10,1,
쥐 잡아 기<>TO,10,1,
쥐 잡아 기<>TO,10,1,
쥐 잡아 기<>TO,10,1,
쥐 잡아 기<>TO,10,1,
탄환<>Y,10,1,
탄환<>Y,10,1,
탄환<>Y,10,1,
탄환<>Y,10,1,
탄환<>Y,10,1,
탄환<>Y,10,1,
탄환<>Y,10,1,
탄환<>Y,10,1,
탄환<>Y,10,1,
탄환<>Y,10,1,
탄환<>Y,10,1,
탄환<>Y,10,1,
탄환<>Y,10,1,
탄환<>Y,10,1,
탄환<>Y,10,1,
탄환<>Y,10,1,
탄환<>Y,10,1,
탄환<>Y,10,1,
탄환<>Y,10,1,
탄환<>Y,10,1,
탄환<>Y,10,1,
탄환<>Y,10,1,
탄환<>Y,10,1,
물<>SH,25,1,
물<>SH,25,1,
물<>SH,25,1,
물<>SH,25,1,
물<>SH,25,1,
물<>SH,25,1,
물<>SH,25,1,
물<>SH,25,1,
물<>SH,25,1,
물<>SH,25,1,
물<>SH,25,1,
물<>SH,25,1,
물<>SH,25,1,
물<>SH,25,1,
물<>SH,25,1,
물<>SH,25,1,
물<>SH,25,1,
물<>SH,25,1,
물<>SH,25,1,
지뢰<>TN,8,1,
지뢰<>TN,8,1,
지뢰<>TN,8,1,
지뢰<>TN,8,1,
지뢰<>TN,8,1,
지뢰<>TN,8,1,
지뢰<>TO,8,1,
지뢰<>TO,8,1,
지뢰<>TO,8,1,
지뢰<>TO,8,1,
지뢰<>TO,8,1,
지뢰<>TO,8,1,
지뢰<>TO,8,1,
지뢰<>TO,8,1,
지뢰<>TO,8,1,
지뢰<>TO,8,1,
지뢰<>TO,8,1,
지뢰<>TO,8,1,
지뢰<>TO,8,1,
천연수<>SH,50,1,
천연수<>SH,50,1,
특효약<>HH,80,1,
카레<>HH,45,1,
카레 빵<>HH,100,1,
죽<>SH,100,1,
물<>SH,25,12,
물<>SH,25,12,
숫돌<>Y,1,1,
독침<>WK,20,∞,
군용 나이프<>WK,28,∞,
☆비검제비처럼 재빨리 몸을 반전시킴☆<>WK,42,∞,
★귤문금상감화승총★<>WG,60,1,
배터리<>Y,1,1,
배터리<>Y,1,1,
배터리<>Y,1,1,
경유<>Y,1,1,
가솔린<>Y,1,1,
도화선<>Y,1,1,
휴대 전화<>Y,1,1,
해독제<>Y,1,1,
해독제<>Y,1,1,
해독제<>Y,1,1,
해독제<>Y,1,1,
강장제<>SH,45,1,
다트<>WC,3,1,
무명의 칼<>WK,33,∞,
핵미사일(가짜)<>WD,1,1,
철추<>WB,25,4,
사슴의 박제<>WB,5,1,
스나이파라이훌<>WG,45,0,
독물 취급서<>A,1,1,
사이렌서<>Y,1,1,
사이렌서<>Y,1,1,
피로 물든 방패<>DA,14,10,
피로 물든 방패<>DA,14,10,
트렌치코트<>DB,25,25,
작업복<>DB,20,15,
무녀의 의상<>DB,20,15,
☆가면 라이더 슈트☆<>DBK,45,15,
가라테벌<>DB,30,15,
임금님의 옷<>DB,35,20,
임금님의 옷<>DB,35,20,
여신의 깃옷<>DB,20,10,
선글래스<>DH,25,15,
마스크<>DH,10,15,
마스크<>DH,10,15,
브레이슬릿<>DA,15,15,
브레이슬릿<>DA,15,15,
동환<>DB,25,25,
☆타이거 마스크☆<>DH,25,25,
☆타이거 마스크☆<>DH,25,25,
