부엌칼<>WK,15,∞,
컵<>WC,5,1,
컵<>WC,5,1,
컵<>WC,5,1,
컵<>WC,5,1,
컵<>WC,5,1,
컵<>WC,5,1,
재봉도구<>Y,3,1,
재봉도구<>Y,5,1,
재봉도구<>Y,10,1,
접시<>WC,10,1,
접시<>WC,10,1,
접시<>WC,10,1,
냄비<>WC,15,1,
냄비<>WC,10,1,
냄비<>WC,10,1,
냄비<>WC,10,1,
냄비<>WC,10,1,
글래스<>WC,20,1,
글래스<>WC,10,1,
글래스<>WC,10,1,
글래스<>WC,10,1,
글래스<>WC,10,1,
텔레비전<>WC,35,1,
테이블<>WC,30,1,
선반<>WC,30,1,
가보의 칼<>WK,45,∞,
빈병<>WC,10,1,
빈병<>WC,10,1,
빈병<>WC,10,1,
빈병<>WC,10,1,
빈병<>WC,10,1,
빈병<>WC,10,1,
빈병<>WC,9,1,
빈병<>WC,9,1,
빈병<>WC,9,1,
빈병<>WC,9,1,
빈병<>WC,9,1,
빈병<>WC,9,1,
빈병<>WC,9,1,
빈 깡통<>WC,8,1,
빈 깡통<>WC,8,1,
빈 깡통<>WC,8,1,
빈 깡통<>WC,8,1,
빈 깡통<>WC,8,1,
빈 깡통<>WC,8,1,
부엌칼<>WK,15,∞,
부엌칼<>WK,15,∞,
부엌칼<>WK,15,∞,
부엌칼<>WK,15,∞,
숫돌<>Y,1,1,
숫돌<>Y,1,1,
숫돌<>Y,1,1,
숫돌<>Y,1,1,
숫돌<>Y,1,1,
숫돌<>Y,1,1,
숫돌<>Y,1,1,
숫돌<>Y,1,1,
숫돌<>Y,2,1,
숫돌<>Y,2,1,
숫돌<>Y,2,1,
숫돌<>Y,2,1,
숫돌<>Y,3,1,
숫돌<>Y,3,1,
천연수<>SH,50,1,
천연수<>SH,50,1,
천연수<>SH,50,1,
빵<>HH,25,1,
카레<>HH,45,1,
카레 빵<>HH,100,1,
탄환<>Y,15,1,
물<>SH,25,12,
가보의 칼<>WK,35,∞,
다트<>WC,15,5,
화승총<>WG,35,5,
☆헤이케의 보도 작은 새☆<>WK,32,∞,
☆황금의 피코피코한마☆<>WB,32,1,
☆요도도진☆<>WK,42,∞,
★워지 9 mm서브 머신건★<>WG,80,0,
가솔린<>Y,1,1,
해독제<>Y,1,1,
해독제<>Y,1,1,
독약<>Y,1,1,
스포츠 드링크<>SH,50,1,
본명 초콜렛<>HH,40,1,
최루 스프레이<>TN,15,1,
요요<>WC,5,1,
전기 스텐드<>WC,8,1,
빔 사벨<>WK,36,∞,
연필(B)<>WK,2,∞,
연필(HB)<>WK,3,∞,
조명탄<>WD,20,1,
덤벨<>WB,20,5,
독물 취급서<>A,1,1,
독물 취급서<>A,1,1,
가보의 투구와 갑옷<>DB,45,20,
☆수라의 바구니손☆<>DA,20,18,
트렌치코트<>DB,25,25,
스니커즈<>DF,15,15,
농구 슈즈<>DF,15,15,
☆쿠로카와위견자홍사동환☆<>DBK,50,15,
메이드옷<>DB,25,10,
차이나 드레스<>DB,20,20,
임금님의 옷<>DB,35,20,
T셔츠<>DB,25,10,
수영복<>DB,15,20,
보디 페인트<>DB,20,10,
암시 카메라<>DH,15,15,
슬리퍼<>DF,10,15,
동환<>DB,25,25,
