피아노선<>TN,8,1,
피아노선<>TN,8,1,
피아노선<>TN,8,1,
피아노선<>TN,8,1,
피아노선<>TN,8,1,
피아노선<>TN,8,1,
피아노선<>TN,8,1,
피아노선<>TN,8,1,
피아노선<>TN,8,1,
피아노선<>TN,8,1,
피아노선<>TN,8,1,
피아노선<>TN,8,1,
피아노선<>TN,8,1,
피아노선<>TN,8,1,
피아노선<>TO,8,1,
피아노선<>TO,8,1,
피아노선<>TO,8,1,
피아노선<>TO,8,1,
피아노선<>TO,8,1,
피아노선<>TO,8,1,
피아노선<>TO,8,1,
피아노선<>TO,8,1,
피아노선<>TO,8,1,
피아노선<>TO,8,1,
피아노선<>TO,8,1,
피아노선<>TO,8,1,
피아노선<>TO,8,1,
피아노선<>TO,8,1,
피아노선<>TO,8,1,
피아노선<>TO,8,1,
피아노선<>TO,8,1,
피아노선<>TO,8,1,
피아노선<>TO,8,1,
피아노선<>TO,8,1,
피아노선<>TO,8,1,
피아노선<>TO,8,1,
피아노선<>TO,8,1,
피아노선<>TO,8,1,
빵<>HH,25,1,
카레<>HH,45,1,
탄환<>Y,15,1,
물<>SH,25,12,
물<>SH,25,12,
광자의 겸<>WK,20,∞,
어메리칸 색<>WB,30,1,
레이피아<>WK,35,∞,
컴배트 나이프<>WK,35,∞,
★스페셜 인터레스트 그룹·더 웰 P230 9mm★<>WG,77,0,
배터리<>Y,1,1,
배터리<>Y,1,1,
경유<>Y,1,1,
비료<>Y,1,1,
비료<>Y,1,1,
신관<>Y,1,1,
빈병<>Y,1,1,
도화선<>Y,1,1,
독약<>Y,1,1,
주먹밥<>HH,10,1,
의리 초콜렛<>HH,10,1,
강장제<>SH,45,1,
던지기 나이프<>WC,22,1,
주사기<>WK,10,∞,
독물 취급서<>A,1,1,
독물 취급서<>A,1,1,
쇠사슬 홑옷<>DB,37,20,
가보의 투구와 갑옷<>DB,45,20,
피로 물든 방패<>DA,14,10,
★AT필드★<>DBK,60,20,
밀짚모자자<>DH,15,5,
두건<>DH,15,15,
방재 두건<>DH,13,20,
스파이크<>DF,15,15,
스파이크<>DF,15,15,
☆롤러 블레이드☆<>DF,25,20,
☆롤러 블레이드☆<>DF,25,20,
☆흑 옻나무 도불2매 몸통 도구☆<>DF,20,25,
☆흑 옻나무 도불2매 몸통 도구☆<>DF,20,25,
T셔츠<>DB,25,10,
수영복<>DB,15,20,
나이트 드레스<>DB,20,10,
보디 페인트<>DB,20,10,
여신의 깃옷<>DB,20,10,
선글래스<>DH,25,15,
암시 카메라<>DH,15,15,
슬리퍼<>DF,10,15,
슬리퍼<>DF,10,15,
손목시계<>DA,10,10,
어깨심<>DA,15,15,
