피아노선<>TN,8,1,
피아노선<>TN,8,1,
피아노선<>TN,8,1,
피아노선<>TN,8,1,
피아노선<>TN,8,1,
피아노선<>TN,8,1,
피아노선<>TN,8,1,
피아노선<>TN,8,1,
피아노선<>TN,8,1,
피아노선<>TN,8,1,
피아노선<>TN,8,1,
피아노선<>TN,8,1,
피아노선<>TN,8,1,
피아노선<>TN,8,1,
피아노선<>TN,8,1,
피아노선<>TN,8,1,
지뢰<>TN,15,1,
지뢰<>TN,15,1,
지뢰<>TN,15,1,
지뢰<>TN,15,1,
지뢰<>TN,15,1,
지뢰<>TN,15,1,
지뢰<>TN,15,1,
지뢰<>TN,15,1,
지뢰<>TN,15,1,
지뢰<>TN,15,1,
지뢰<>TN,15,1,
지뢰<>TN,15,1,
지뢰<>TN,15,1,
지뢰<>TO,15,1,
지뢰<>TO,15,1,
지뢰<>TO,15,1,
지뢰<>TO,15,1,
지뢰<>TO,15,1,
지뢰<>TO,15,1,
지뢰<>TO,15,1,
지뢰<>TO,15,1,
지뢰<>TO,15,1,
지뢰<>TO,15,1,
지뢰<>TO,15,1,
지뢰<>TO,15,1,
빵<>HH,25,1,
빵<>HH,25,1,
카레<>HH,45,1,
카레<>HH,45,1,
죽<>SH,100,1,
고형 통조림<>SH,200,1,
탄환<>Y,15,1,
물<>SH,25,12,
물<>SH,25,12,
숫돌<>Y,1,1,
숫돌<>Y,1,1,
☆토사 요시유키☆<>WK,42,∞,
☆인간 풍류를 모름☆<>WK,42,∞,
☆22 구경 2 연발 델린저☆<>WG,50,0,
★콜트 하이웨이 패트롤 맨 38 구경★<>WG,70,0,
배터리<>Y,1,1,
배터리<>Y,1,1,
경유<>Y,1,1,
경유<>Y,1,1,
비료<>Y,1,1,
비료<>Y,1,1,
가솔린<>Y,1,1,
신관<>Y,1,1,
라이터<>Y,1,1,
파워 북<>Y,1,1,
파워 북<>Y,1,1,
휴대 전화<>Y,1,1,
해독제<>Y,1,1,
해독제<>Y,1,1,
독약<>Y,1,1,
독약<>Y,1,1,
★플라스마 소도★<>WK,50,∞,
청량 음료수<>SH,40,1,
녹즙<>HH,25,1,
야채 쥬스<>SH,25,1,
위험한 도시락<>HD,100,1,
다이어트 식품<>SH,80,1,
사이렌서<>Y,1,1,
사이렌서<>Y,1,1,
☆투구와 갑옷☆<>DB,45,20,
두<>DH,35,20,
에이프런<>DB,20,25,
쵸밤아마<>DB,30,20,
☆겐지의 요로이☆<>DBK,40,25,
☆진홍의 세라복☆<>DB,40,20,
밀짚모자자<>DH,15,5,
밀짚모자자<>DH,15,5,
두건<>DH,15,15,
☆군배전립 쿠마게식두☆<>DH,20,15,
스니커즈<>DF,15,15,
하이 힐<>DF,15,15,
스파이크<>DF,15,15,
☆쿠로카와위견자홍사동환☆<>DBK,50,15,
유도벌<>DB,30,15,
임금님의 옷<>DB,35,20,
여신의 깃옷<>DB,20,10,
어깨심<>DA,15,15,
