탄환<>Y,10,1,
탄환<>Y,10,1,
탄환<>Y,10,1,
탄환<>Y,10,1,
탄환<>Y,10,1,
탄환<>Y,10,1,
탄환<>Y,10,1,
탄환<>Y,10,1,
탄환<>Y,10,1,
탄환<>Y,10,1,
탄환<>Y,10,1,
탄환<>Y,10,1,
탄환<>Y,10,1,
탄환<>Y,10,1,
탄환<>Y,10,1,
탄환<>Y,10,1,
탄환<>Y,10,1,
탄환<>Y,10,1,
탄환<>Y,10,1,
탄환<>Y,10,1,
탄환<>Y,10,1,
탄환<>Y,10,1,
탄환<>Y,10,1,
탄환<>Y,10,1,
탄환<>Y,10,1,
탄환<>Y,10,1,
탄환<>Y,10,1,
탄환<>Y,10,1,
배터리<>Y,1,1,
배터리<>Y,1,1,
배터리<>Y,1,1,
배터리<>Y,1,1,
물<>SH,25,2,
물<>SH,25,2,
물<>SH,25,2,
물<>SH,25,2,
물<>SH,25,2,
물<>SH,25,2,
물<>SH,25,2,
물<>SH,25,2,
물<>SH,25,2,
물<>SH,25,2,
물<>SH,25,2,
물<>SH,25,2,
물<>SH,25,2,
물<>SH,25,2,
물<>SH,25,2,
물<>SH,25,2,
물<>SH,25,2,
물<>SH,25,2,
물<>SH,25,2,
물<>SH,25,2,
물<>SH,25,2,
물<>SH,25,2,
물<>SH,25,2,
물<>SH,25,2,
물<>SH,25,2,
물<>SH,25,2,
물<>SH,25,2,
물<>SH,25,2,
물<>SH,25,2,
물<>SH,25,2,
물<>SH,25,2,
물<>SH,25,2,
물<>SH,25,2,
물<>SH,25,2,
물<>SH,25,2,
지뢰<>TN,15,1,
지뢰<>TN,15,1,
지뢰<>TN,15,1,
지뢰<>TN,15,1,
지뢰<>TN,15,1,
지뢰<>TN,15,1,
지뢰<>TN,15,1,
지뢰<>TN,15,1,
지뢰<>TN,15,1,
지뢰<>TO,15,1,
지뢰<>TO,15,1,
지뢰<>TO,15,1,
지뢰<>TO,15,1,
지뢰<>TO,15,1,
지뢰<>TO,15,1,
지뢰<>TO,15,1,
지뢰<>TO,15,1,
지뢰<>TO,15,1,
지뢰<>TO,15,1,
빵<>HH,25,1,
카레<>HH,45,1,
카레<>HH,45,1,
카레<>HH,45,1,
곤봉<>WB,15,1,
★P-90 서브 머신건★<>WG,80,0,
배터리<>Y,1,1,
경유<>Y,1,1,
비료<>Y,1,1,
가솔린<>Y,1,1,
스프레이캔<>Y,1,1,
해독제<>Y,1,1,
해독제<>Y,1,1,
해독제<>Y,1,1,
해독제<>Y,1,1,
해독제<>Y,1,1,
해독제<>Y,1,1,
스포츠 드링크<>SH,50,1,
팥소<>HH,20,1,
팥소<>HH,20,1,
트럼프<>WC,2,1,
장도<>WK,15,∞,
복싱 글로브<>WB,6,1,
그레네이드 폭탄<>WD,50,1,
피로 물든 방패<>DA,14,10,
에이프런<>DB,20,25,
작업복<>DB,20,15,
미채옷<>DB,25,15,
☆가면 라이더 슈트☆<>DBK,45,15,
밀짚모자자<>DH,15,5,
☆긴 귀두고두☆<>DH,20,15,
☆스케이드보드☆<>DF,25,15,
농구 슈즈<>DF,15,15,
메이드옷<>DB,25,10,
차이나 드레스<>DB,20,20,
유도벌<>DB,30,15,
여왕 마마의 옷<>DB,35,20,
여왕 마마의 옷<>DB,35,20,
마스크<>DH,10,15,
마스크<>DH,10,15,
☆타이거 마스크☆<>DH,25,25,
방화옷<>DBA,30,25,
방화옷<>DBA,30,25,
방화옷<>DBA,30,25,
방화옷<>DBA,30,25,
방화옷<>DBA,30,25,
방화옷<>DBA,30,25,
방화옷<>DBA,30,25,
방화옷<>DBA,30,25,
방화 헬멧<>DH,25,20,
방화 헬멧<>DH,25,20,
방화 헬멧<>DH,25,20,
방화 헬멧<>DH,25,20,
방화 헬멧<>DH,25,20,
방화 헬멧<>DH,25,20,
방화 헬멧<>DH,25,20,
방화 헬멧<>DH,25,20,
