관음보살상<>WB,25,∞,
염라상<>WB,30,∞,
아수라상<>WB,28,∞,
지장보살상<>WB,25,∞,
제비<>Y,1,1,
제비<>Y,1,1,
제비<>Y,1,1,
제비<>Y,1,1,
제비<>Y,1,1,
제비<>Y,1,1,
제비<>Y,1,1,
제비<>Y,1,1,
제비<>Y,1,1,
제비<>Y,1,1,
제비<>Y,1,1,
제비<>Y,1,1,
물<>SH,25,2,
물<>SH,25,2,
물<>SH,25,2,
물<>SH,25,2,
물<>SH,25,2,
물<>SH,25,2,
물<>SH,25,2,
물<>SH,25,2,
물<>SH,25,2,
물<>SH,25,2,
물<>SH,25,2,
물<>SH,25,2,
물<>SH,25,2,
물<>SH,25,2,
물<>SH,25,2,
물<>SH,25,2,
물<>SH,25,2,
물<>SH,25,2,
숫돌<>Y,1,1,
숫돌<>Y,1,1,
숫돌<>Y,1,1,
숫돌<>Y,1,1,
숫돌<>Y,1,1,
빵<>HH,25,1,
빵<>HH,25,1,
카레<>HH,45,1,
카레<>HH,45,1,
탄환<>Y,15,1,
물<>SH,25,12,
부엌칼<>WK,25,∞,
베레타<>WG,35,2,
★베레타 M92F★<>WG,75,0,
배터리<>Y,1,1,
배터리<>Y,1,1,
배터리<>Y,1,1,
경유<>Y,1,1,
스프레이캔<>Y,1,1,
라이터<>Y,1,1,
휴대 전화<>Y,1,1,
해독제<>Y,1,1,
독약<>Y,1,1,
독약<>Y,1,1,
☆켄왕 주먹☆<>WB,50,5,
녹즙<>HH,25,1,
응<>SH,200,1,
건강식품<>HH,80,1,
트럼프<>WC,2,1,
다트<>WC,3,1,
스나이파라이훌<>WG,45,0,
참철검<>WK,45,∞,
사이렌서<>Y,1,1,
쇠사슬 홑옷<>DB,37,20,
두<>DH,35,20,
작업복<>DB,20,15,
쵸밤아마<>DB,30,20,
☆BA-TSU의 제복☆<>DB,40,20,
☆진홍의 세라복☆<>DB,40,20,
☆진홍의 세라복☆<>DB,40,20,
☆서바이벌 슈트☆<>DBK,40,25,
☆서바이벌 슈트☆<>DBK,40,25,
☆군배전립 쿠마게식두☆<>DH,20,15,
하이 힐<>DF,15,15,
차이나 드레스<>DB,20,20,
유도벌<>DB,30,15,
선글래스<>DH,25,15,
리본<>DH,10,5,
암시 카메라<>DH,15,15,
손목시계<>DA,10,10,
동환<>DB,25,25,
가사<>DB,25,35,
가사<>DB,25,35,
가사<>DB,25,35,
가사<>DB,25,35,
가사<>DB,25,35,
가사<>DB,25,35,
가사<>DB,25,35,
가사<>DB,25,35,
제주의 의상<>DB,30,20,
제주의 의상<>DB,30,20,
제주의 의상<>DB,30,20,
제주의 의상<>DB,30,20,
제주의 의상<>DB,30,20,
제주의 의상<>DB,30,20,
제주의 의상<>DB,30,20,
제주의 의상<>DB,30,20,
