물<>SH,25,2,
물<>SH,25,2,
물<>SH,25,2,
물<>SH,25,2,
물<>SH,25,2,
물<>SH,25,2,
물<>SH,25,2,
물<>SH,25,2,
물<>SH,25,2,
물<>SH,25,2,
물<>SH,25,2,
물<>SH,25,2,
물<>SH,25,2,
물<>SH,25,2,
물<>SH,25,2,
물<>SH,25,2,
물<>SH,25,2,
물<>SH,25,2,
물<>SH,25,2,
물<>SH,25,2,
물<>SH,25,2,
물<>SH,25,2,
물<>SH,25,2,
물<>SH,25,2,
물<>SH,25,2,
지뢰<>TN,15,1,
지뢰<>TN,15,1,
지뢰<>TN,15,1,
지뢰<>TN,15,1,
지뢰<>TO,15,1,
지뢰<>TO,15,1,
지뢰<>TO,15,1,
지뢰<>TO,15,1,
특효약<>HH,80,1,
빵<>HH,25,1,
빵<>HH,25,1,
카레<>HH,45,1,
고형 통조림<>SH,200,1,
탄환<>Y,15,1,
탄환<>Y,15,1,
숫돌<>Y,1,1,
수류탄<>WD,20,1,
도끼<>WK,15,∞,
죽도<>WB,25,2,
못버트<>WB,20,1,
☆일본도☆<>WK,40,∞,
☆콜트 357 매그넘 회전식권총☆<>WG,50,0,
★콜트 정부 45 구경★<>WG,80,0,
배터리<>Y,1,1,
가솔린<>Y,1,1,
가솔린<>Y,1,1,
신관<>Y,1,1,
도화선<>Y,1,1,
라이터<>Y,1,1,
해독제<>Y,1,1,
해독제<>Y,1,1,
독약<>Y,1,1,
주먹밥<>HH,10,1,
위험한 도시락<>HD,100,1,
한방약<>HH,50,1,
다이어트 식품<>SH,80,1,
부메랑<>WC,20,5,
던지기 나이프<>WC,22,1,
사벨<>WK,23,∞,
사벨<>WK,23,∞,
쿠락카보레이<>WK,22,∞,
두<>DH,35,20,
트렌치코트<>DB,25,25,
트렌치코트<>DB,25,25,
에이프런<>DB,20,25,
무녀의 의상<>DB,20,15,
무녀의 의상<>DB,20,15,
쵸밤아마<>DB,30,20,
두건<>DH,15,15,
스파이크<>DF,15,15,
메이드옷<>DB,25,10,
여왕 마마의 옷<>DB,35,20,
보디 페인트<>DB,20,10,
학모<>DH,15,20,
어깨심<>DA,15,15,
