제비<>Y,1,1,
제비<>Y,1,1,
제비<>Y,1,1,
제비<>Y,1,1,
제비<>Y,1,1,
제비<>Y,1,1,
제비<>Y,1,1,
제비<>Y,1,1,
제비<>Y,1,1,
제비<>Y,1,1,
제비<>Y,1,1,
제비<>Y,1,1,
지뢰<>TN,50,1,
지뢰<>TN,50,1,
지뢰<>TN,50,1,
지뢰<>TN,50,1,
지뢰<>TN,50,1,
지뢰<>TO,50,1,
지뢰<>TO,50,1,
지뢰<>TO,50,1,
지뢰<>TO,50,1,
지뢰<>TO,50,1,
특효약<>HH,80,1,
카레<>HH,45,1,
카레<>HH,45,1,
카레<>HH,45,1,
카레 빵<>HH,100,1,
고형 통조림<>SH,200,1,
탄환<>Y,15,1,
탄환<>Y,15,1,
☆명검압도☆<>WK,35,∞,
경유<>Y,1,1,
경유<>Y,1,1,
비료<>Y,1,1,
비료<>Y,1,1,
비료<>Y,1,1,
신관<>Y,1,1,
스프레이캔<>Y,1,1,
빈병<>Y,1,1,
빈병<>Y,1,1,
도화선<>Y,1,1,
해독제<>Y,1,1,
해독제<>Y,1,1,
독약<>Y,1,1,
★가슴 파이어★<>WG,70,0,
★플라스마 소도★<>WK,50,∞,
☆켄왕 주먹☆<>WB,50,5,
녹즙<>HH,25,1,
야채 쥬스<>SH,25,1,
트럼프<>WC,2,1,
부메랑<>WC,20,5,
볼링 볼<>WC,20,1,
금강석<>WC,14,1,
쓰레기통<>WC,5,1,
빔 사벨<>WK,36,∞,
장도<>WK,15,∞,
복싱 글로브<>WB,6,1,
독물 취급서<>A,1,1,
사이렌서<>Y,1,1,
☆수라의 바구니손☆<>DA,20,18,
에이프런<>DB,20,25,
☆진홍의 세라복☆<>DB,40,20,
하치권<>DH,10,15,
방재 두건<>DH,13,20,
스니커즈<>DF,15,15,
☆스케이드보드☆<>DF,25,15,
☆BR부츠☆<>DF,20,20,
메이드옷<>DB,25,10,
유도벌<>DB,30,15,
T셔츠<>DB,25,10,
나이트 드레스<>DB,20,10,
리본<>DH,10,5,
마스크<>DH,10,15,
손목시계<>DA,10,10,
