부엌칼<>WK,15,∞,
부엌칼<>WK,15,∞,
부엌칼<>WK,15,∞,
부엌칼<>WK,15,∞,
부엌칼<>WK,15,∞,
컵<>WC,5,1,
접시<>WC,10,1,
접시<>WC,10,1,
접시<>WC,10,1,
냄비<>WC,10,1,
냄비<>WC,10,1,
냄비<>WC,10,1,
냄비<>WC,10,1,
냄비<>WC,10,1,
글래스<>WC,10,1,
글래스<>WC,10,1,
글래스<>WC,10,1,
글래스<>WC,10,1,
글래스<>WC,10,1,
텔레비전<>WC,20,1,
테이블<>WC,20,1,
선반<>WC,15,1,
가보의 칼<>WK,35,∞,
비료<>Y,1,1,
숫돌<>Y,1,1,
숫돌<>Y,1,1,
숫돌<>Y,1,1,
숫돌<>Y,1,1,
숫돌<>Y,1,1,
특효약<>HH,80,1,
특효약<>HH,80,1,
특효약<>HH,80,1,
빵<>HH,25,1,
카레<>HH,45,1,
탄환<>Y,15,1,
태권 등의 수도<>WB,15,∞,
쇠사슬 부착못버트<>WB,25,1,
호신용 단도 태양의 빛<>WK,20,∞,
☆미무라식 폭탄☆<>WC,40,3,
경유<>Y,1,1,
경유<>Y,1,1,
비료<>Y,1,1,
비료<>Y,1,1,
스프레이캔<>Y,1,1,
도화선<>Y,1,1,
해독제<>Y,1,1,
해독제<>Y,1,1,
해독제<>Y,1,1,
해독제<>Y,1,1,
독약<>Y,1,1,
야채 쥬스<>SH,25,1,
샌드위치<>HH,50,1,
샌드위치<>HH,50,1,
식빵<>HH,30,1,
팥소<>HH,20,1,
응<>SH,200,1,
수박<>HH,30,1,
컵면<>HH,50,1,
트럼프(데크)<>WC,2,54,
트럼프(데크)<>WC,2,54,
군용 나이프<>WK,20,∞,
사전<>WB,6,1,
유리구슬<>WC,1,1,
폭죽<>WD,15,20,
곰의 장식물<>WB,7,1,
사이렌서<>Y,1,1,
피로 물든 방패<>DA,14,10,
에이프런<>DB,20,25,
☆겐지의 요로이☆<>DBK,40,25,
☆긴 귀두고두☆<>DH,20,15,
스니커즈<>DF,15,15,
☆행복의 구두☆<>DF,20,15,
☆BR부츠☆<>DF,20,20,
☆쿠로카와위견자홍사동환☆<>DBK,50,15,
가라테벌<>DB,30,15,
나이트 드레스<>DB,20,10,
여신의 깃옷<>DB,20,10,
학모<>DH,15,20,
선글래스<>DH,25,15,
암시 카메라<>DH,15,15,
동환<>DB,25,25,
